

state: succeeded
commit: 655b1339a378c3919a930f3b20ad75b14d55c981
docker_image_id: sha256:876a994cdafb8d3fb4b710249fd7716a31efd3ea26cb3faf7aa2187853c6c624
exit_code: 0
job_id: ih7if3khmfjouw7n
run_by_user: LFISHER7
created_at: 2021-03-16T17:18:28Z
started_at: 2021-03-16T23:04:30Z
completed_at: 2021-03-16T23:12:24Z

Completed successfully

outputs:
  logs/2-basic-rd.log        - moderately_sensitive
  output/pt_plot_week_1.png  - moderately_sensitive
  output/pt_plot_week_2.png  - moderately_sensitive
  output/pt_plot_week_3.png  - moderately_sensitive
  output/pt_plot_week_4.png  - moderately_sensitive
  output/pt_plot_week_5.png  - moderately_sensitive
  output/pt_plot_week_6.png  - moderately_sensitive
  output/pt_plot_week_7.png  - moderately_sensitive
  output/pt_plot_week_8.png  - moderately_sensitive